ASSERTION	AAECAAIFAAAAAAAAAFlA
RUN	demo.challengeFloodIo	challengefloodio	1626776693273	Y	3.6.0
USER	challengeFloodIo	START	1626776695545
USER	challengeFloodIo	START	1626776696537
REQUEST		openHomepage	1626776695593	1626776696923	OK	 
REQUEST		css?family=Lobster|Lobster+Two	1626776697106	1626776697257	OK	 
USER	challengeFloodIo	START	1626776697547
REQUEST		openHomepage	1626776696538	1626776697551	OK	 
REQUEST		css?family=Lobster|Lobster+Two	1626776697564	1626776697702	OK	 
USER	challengeFloodIo	START	1626776698525
REQUEST		openHomepage	1626776697550	1626776698564	OK	 
REQUEST		css?family=Lobster|Lobster+Two	1626776698585	1626776698728	OK	 
REQUEST		openHomepage	1626776698527	1626776699492	OK	 
USER	challengeFloodIo	START	1626776699518
REQUEST		css?family=Lobster|Lobster+Two	1626776699499	1626776699638	OK	 
REQUEST		openHomepage	1626776699520	1626776700440	OK	 
REQUEST		css?family=Lobster|Lobster+Two	1626776700447	1626776700636	OK	 
REQUEST		postTakeTheTest	1626776700768	1626776700994	OK	 
REQUEST		postTakeTheTest	1626776701674	1626776701891	OK	 
REQUEST		postTakeTheTest	1626776701950	1626776702173	OK	 
REQUEST		getSelectYourAgePage	1626776704515	1626776704737	OK	 
REQUEST		getSelectYourAgePage	1626776704825	1626776705052	OK	 
REQUEST		postTakeTheTest	1626776707280	1626776707496	OK	 
REQUEST		postSelectYourAge	1626776707419	1626776707637	OK	 
REQUEST		postTakeTheTest	1626776707851	1626776708066	OK	 
REQUEST		getSelectYourAgePage	1626776708849	1626776709079	OK	 
REQUEST		getSelectYourAgePage	1626776710306	1626776710528	OK	 
REQUEST		getSelectAndEnterTheLargestOrderValuePage	1626776711451	1626776711704	OK	 
REQUEST		postSelectYourAge	1626776713021	1626776713253	OK	 
REQUEST		postSelectYourAge	1626776713485	1626776713698	OK	 
REQUEST		getSelectYourAgePage	1626776716671	1626776716898	OK	 
REQUEST		postSelectYourAge	1626776717923	1626776718138	OK	 
REQUEST		postSelectYourAge	1626776718466	1626776718684	OK	 
REQUEST		getSelectAndEnterTheLargestOrderValuePage	1626776719051	1626776719274	OK	 
REQUEST		postSelectAndEnterTheLargestOrderValue	1626776719285	1626776719506	OK	 
REQUEST		getSelectAndEnterTheLargestOrderValuePage	1626776720544	1626776720767	OK	 
REQUEST		getSelectAndEnterTheLargestOrderValuePage	1626776721114	1626776721353	OK	 
REQUEST		getClickNextButtonPage	1626776723592	1626776723812	OK	 
REQUEST		getSelectAndEnterTheLargestOrderValuePage	1626776726043	1626776726267	OK	 
REQUEST		postSelectAndEnterTheLargestOrderValue	1626776726339	1626776726557	OK	 
REQUEST		postClickNextButton	1626776727840	1626776728066	OK	 
REQUEST		getCode	1626776728073	1626776728291	OK	 
REQUEST		postSelectAndEnterTheLargestOrderValue	1626776728228	1626776728442	OK	 
REQUEST		getClickNextButtonPage	1626776729050	1626776729285	OK	 
REQUEST		getClickNextButtonPage	1626776730379	1626776730601	OK	 
REQUEST		postSelectAndEnterTheLargestOrderValue	1626776730703	1626776730914	OK	 
REQUEST		postSelectAndEnterTheLargestOrderValue	1626776734180	1626776734394	OK	 
REQUEST		postClickNextButton	1626776736977	1626776737193	OK	 
REQUEST		getEnterYourOneTimeTokenPage	1626776737052	1626776737287	OK	 
REQUEST		getCode	1626776737197	1626776737411	OK	 
REQUEST		getClickNextButtonPage	1626776738337	1626776738559	OK	 
REQUEST		getEnterYourOneTimeTokenPage	1626776738584	1626776738801	OK	 
REQUEST		postClickNextButton	1626776738834	1626776739057	OK	 
REQUEST		getCode	1626776739063	1626776739277	OK	 
REQUEST		postEnterYourOneTimeToken	1626776741884	1626776742100	OK	 
REQUEST		postEnterYourOneTimeToken	1626776742553	1626776742776	OK	 
REQUEST		getDonePage	1626776743700	1626776743922	OK	 
REQUEST		getClickNextButtonPage	1626776744385	1626776744605	OK	 
REQUEST		getDonePage	1626776744587	1626776744809	OK	 
USER	challengeFloodIo	END	1626776746095
REQUEST		postClickNextButton	1626776746651	1626776746871	OK	 
REQUEST		getCode	1626776746875	1626776747095	OK	 
REQUEST		postClickNextButton	1626776748588	1626776748834	OK	 
REQUEST		getEnterYourOneTimeTokenPage	1626776748757	1626776748982	OK	 
REQUEST		getCode	1626776748839	1626776749075	OK	 
USER	challengeFloodIo	END	1626776749937
REQUEST		getEnterYourOneTimeTokenPage	1626776753628	1626776753853	OK	 
REQUEST		getEnterYourOneTimeTokenPage	1626776755768	1626776755985	OK	 
REQUEST		postEnterYourOneTimeToken	1626776757996	1626776758225	OK	 
REQUEST		postEnterYourOneTimeToken	1626776761184	1626776761397	OK	 
REQUEST		postEnterYourOneTimeToken	1626776761433	1626776761651	OK	 
REQUEST		getDonePage	1626776764173	1626776764387	OK	 
USER	challengeFloodIo	END	1626776766908
REQUEST		getDonePage	1626776767339	1626776767562	OK	 
REQUEST		getDonePage	1626776768980	1626776769190	OK	 
USER	challengeFloodIo	END	1626776772250
USER	challengeFloodIo	END	1626776775747
